---------------------------------------------------------------
[ 2018-09-27T14:13:31+08:00 ] 127.0.0.1 GET /Home/Ce/index
[ info ] localhost/Home/Ce/index [运行时间：0.217000s][吞吐率：4.61req/s] [内存消耗：1,503.86kb] [文件加载：51]
[ info ] [ CACHE ] INIT File
[ info ] [ BEHAVIOR ] Run cmf\behavior\InitHookBehavior @app_init [ RunTime:0.027000s ]
[ info ] [ LANG ] F:\phpstudy\WWW\thinkcmf\simplewind\thinkphp\lang\zh-cn.php
[ info ] [ ROUTE ] array (
  'type' => 'module',
  'module' => 
  array (
    0 => 'Home',
    1 => 'Ce',
    2 => 'index',
  ),
)
[ info ] [ HEADER ] array (
  'cookie' => 'admin_username=admin; Phpstorm-716cfd00=08fed37b-b466-4f05-963a-2d3785ad7f5d; F3rCT3_admin_username=admin; F3rCT3_admin_password=xwgh4685052; __atuvc=1%7C36%2C0%7C37%2C0%7C38%2C1%7C39',
  'accept-language' => 'zh-CN,zh;q=0.9,en;q=0.8',
  'accept-encoding' => 'gzip, deflate, br',
  'accept' => 'text/html,application/xhtml+xml,application/xml;q=0.9,image/webp,image/apng,*/*;q=0.8',
  'user-agent' => 'Mozilla/5.0 (Windows NT 6.1; WOW64) AppleWebKit/537.36 (KHTML, like Gecko) Chrome/66.0.3359.139 Safari/537.36',
  'upgrade-insecure-requests' => '1',
  'connection' => 'keep-alive',
  'host' => 'localhost',
  'content-length' => '',
  'content-type' => '',
)
[ info ] [ PARAM ] array (
)
[ info ] [ LANG ] F:\phpstudy\WWW\thinkcmf\public/../simplewind/cmf/lang\zh-cn.php
[ info ] [ LANG ] F:\phpstudy\WWW\thinkcmf\public/../app/admin\lang\zh-cn\common.php
[ info ] [ LANG ] F:\phpstudy\WWW\thinkcmf\public/../app/portal\lang\zh-cn\common.php
[ info ] [ BEHAVIOR ] Run cmf\behavior\LangBehavior @app_begin [ RunTime:0.012000s ]
[ info ] [ LOG ] INIT File
---------------------------------------------------------------
[ 2018-09-27T14:13:32+08:00 ] 127.0.0.1 GET /favicon.ico
[ info ] localhost/favicon.ico [运行时间：0.049000s][吞吐率：20.41req/s] [内存消耗：1,503.66kb] [文件加载：51]
[ info ] [ CACHE ] INIT File
[ info ] [ BEHAVIOR ] Run cmf\behavior\InitHookBehavior @app_init [ RunTime:0.005000s ]
[ info ] [ LANG ] F:\phpstudy\WWW\thinkcmf\simplewind\thinkphp\lang\zh-cn.php
[ info ] [ ROUTE ] array (
  'type' => 'module',
  'module' => 
  array (
    0 => 'favicon.ico',
    1 => NULL,
    2 => NULL,
  ),
)
[ info ] [ HEADER ] array (
  'cookie' => 'admin_username=admin; Phpstorm-716cfd00=08fed37b-b466-4f05-963a-2d3785ad7f5d; F3rCT3_admin_username=admin; F3rCT3_admin_password=xwgh4685052; __atuvc=1%7C36%2C0%7C37%2C0%7C38%2C1%7C39',
  'accept-language' => 'zh-CN,zh;q=0.9,en;q=0.8',
  'accept-encoding' => 'gzip, deflate, br',
  'referer' => 'http://localhost/Home/Ce/index',
  'accept' => 'image/webp,image/apng,image/*,*/*;q=0.8',
  'user-agent' => 'Mozilla/5.0 (Windows NT 6.1; WOW64) AppleWebKit/537.36 (KHTML, like Gecko) Chrome/66.0.3359.139 Safari/537.36',
  'connection' => 'keep-alive',
  'host' => 'localhost',
  'content-length' => '',
  'content-type' => '',
)
[ info ] [ PARAM ] array (
)
[ info ] [ LANG ] F:\phpstudy\WWW\thinkcmf\public/../simplewind/cmf/lang\zh-cn.php
[ info ] [ LANG ] F:\phpstudy\WWW\thinkcmf\public/../app/admin\lang\zh-cn\common.php
[ info ] [ LANG ] F:\phpstudy\WWW\thinkcmf\public/../app/portal\lang\zh-cn\common.php
[ info ] [ BEHAVIOR ] Run cmf\behavior\LangBehavior @app_begin [ RunTime:0.002000s ]
[ info ] [ LOG ] INIT File
