---------------------------------------------------------------
[ 2018-07-19T11:13:46+08:00 ] 127.0.0.1 GET /admin/
[ info ] localhost/admin/ [运行时间：0.699000s][吞吐率：1.43req/s] [内存消耗：2,398.29kb] [文件加载：72]
[ info ] [ CACHE ] INIT File
[ info ] [ BEHAVIOR ] Run cmf\behavior\InitHookBehavior @app_init [ RunTime:0.044000s ]
[ info ] [ LANG ] D:\phpStudy\WWW\thinkcmf\simplewind\thinkphp\lang\zh-cn.php
[ info ] [ ROUTE ] array (
  'type' => 'module',
  'module' => 
  array (
    0 => 'admin',
    1 => NULL,
    2 => NULL,
  ),
)
[ info ] [ HEADER ] array (
  'cookie' => '_ga=GA1.1.1415828057.1506305931; Webstorm-3b4604bb=96fd4d8e-7706-4772-9f66-959861185465; Phpstorm-716cfd00=08fed37b-b466-4f05-963a-2d3785ad7f5d; F3rCT3_admin_password=123456; ts_uid=183826200; F3rCT3_admin_username=admin; admin_username=admin; __atuvc=1%7C29',
  'accept-language' => 'zh-CN,zh;q=0.9,en;q=0.8',
  'accept-encoding' => 'gzip, deflate, br',
  'accept' => 'text/html,application/xhtml+xml,application/xml;q=0.9,image/webp,image/apng,*/*;q=0.8',
  'user-agent' => 'Mozilla/5.0 (Windows NT 6.1; WOW64) AppleWebKit/537.36 (KHTML, like Gecko) Chrome/66.0.3359.139 Safari/537.36',
  'upgrade-insecure-requests' => '1',
  'connection' => 'keep-alive',
  'host' => 'localhost',
  'content-length' => '',
  'content-type' => '',
)
[ info ] [ PARAM ] array (
)
[ info ] [ LANG ] D:\phpStudy\WWW\thinkcmf\public/../simplewind/cmf/lang\zh-cn.php
[ info ] [ LANG ] D:\phpStudy\WWW\thinkcmf\public/../app/admin\lang\zh-cn\common.php
[ info ] [ LANG ] D:\phpStudy\WWW\thinkcmf\public/../app/portal\lang\zh-cn\common.php
[ info ] [ BEHAVIOR ] Run cmf\behavior\LangBehavior @app_begin [ RunTime:0.038000s ]
[ info ] [ LANG ] D:\phpStudy\WWW\thinkcmf\public/../app/admin\lang\zh-cn.php
[ info ] [ DB ] INIT mysql
[ info ] [ SESSION ] INIT array (
  'id' => '',
  'var_session_id' => '',
  'prefix' => 'think',
  'type' => '',
  'auto_start' => true,
)
[ info ] [ LANG ] D:\phpStudy\WWW\thinkcmf\public/../app/admin\lang\zh-cn\admin_menu.php
[ info ] [ LANG ] D:\phpStudy\WWW\thinkcmf\public/../app/admin\lang\zh-cn\admin.php
[ info ] [ LANG ] D:\phpStudy\WWW\thinkcmf\public/../app/user\lang\zh-cn\admin_menu.php
[ info ] [ LANG ] D:\phpStudy\WWW\thinkcmf\public/../data/lang/zh-cn/admin_menu.php
[ info ] [ BEHAVIOR ] Run cmf\behavior\AdminLangBehavior @admin_init [ RunTime:0.055000s ]
[ info ] [ BEHAVIOR ] Run plugins\admin_journal\AdminJournalPlugin @admin_init [ RunTime:0.065000s ]
[ info ] [ LOG ] INIT File
[ sql ] [ DB ] CONNECT:[ UseTime:0.005000s ] mysql:host=127.0.0.1;port=3306;dbname=thinkcmf5;charset=utf8mb4
[ sql ] [ SQL ] SHOW COLUMNS FROM `cmf_option` [ RunTime:0.047000s ]
[ sql ] [ SQL ] SELECT `option_value` FROM `cmf_option` WHERE  `option_name` = 'cdn_settings' LIMIT 1 [ RunTime:0.001000s ]
[ sql ] [ SQL ] SELECT `option_value` FROM `cmf_option` WHERE  `option_name` = 'admin_settings' LIMIT 1 [ RunTime:0.001000s ]
[ sql ] [ SQL ] SHOW COLUMNS FROM `cmf_plugin` [ RunTime:0.050000s ]
[ sql ] [ SQL ] SELECT `config` FROM `cmf_plugin` WHERE  `name` = 'AdminJournal' LIMIT 1 [ RunTime:0.001000s ]
[ sql ] [ SQL ] SELECT `option_value` FROM `cmf_option` WHERE  `option_name` = 'cdn_settings' LIMIT 1 [ RunTime:0.001000s ]
---------------------------------------------------------------
[ 2018-07-19T11:13:46+08:00 ] 127.0.0.1 GET /admin/public/login.html
[ info ] localhost/admin/public/login.html [运行时间：0.182000s][吞吐率：5.49req/s] [内存消耗：2,589.99kb] [文件加载：74]
[ info ] [ CACHE ] INIT File
[ info ] [ BEHAVIOR ] Run cmf\behavior\InitHookBehavior @app_init [ RunTime:0.003000s ]
[ info ] [ LANG ] D:\phpStudy\WWW\thinkcmf\simplewind\thinkphp\lang\zh-cn.php
[ info ] [ ROUTE ] array (
  'type' => 'module',
  'module' => 
  array (
    0 => 'admin',
    1 => 'public',
    2 => 'login',
  ),
)
[ info ] [ HEADER ] array (
  'cookie' => '_ga=GA1.1.1415828057.1506305931; Webstorm-3b4604bb=96fd4d8e-7706-4772-9f66-959861185465; Phpstorm-716cfd00=08fed37b-b466-4f05-963a-2d3785ad7f5d; F3rCT3_admin_password=123456; ts_uid=183826200; F3rCT3_admin_username=admin; admin_username=admin; __atuvc=1%7C29; PHPSESSID=hthi7gabibqgq9hdc1pulfbpl7',
  'accept-language' => 'zh-CN,zh;q=0.9,en;q=0.8',
  'accept-encoding' => 'gzip, deflate, br',
  'accept' => 'text/html,application/xhtml+xml,application/xml;q=0.9,image/webp,image/apng,*/*;q=0.8',
  'user-agent' => 'Mozilla/5.0 (Windows NT 6.1; WOW64) AppleWebKit/537.36 (KHTML, like Gecko) Chrome/66.0.3359.139 Safari/537.36',
  'upgrade-insecure-requests' => '1',
  'connection' => 'keep-alive',
  'host' => 'localhost',
  'content-length' => '',
  'content-type' => '',
)
[ info ] [ PARAM ] array (
)
[ info ] [ LANG ] D:\phpStudy\WWW\thinkcmf\public/../simplewind/cmf/lang\zh-cn.php
[ info ] [ LANG ] D:\phpStudy\WWW\thinkcmf\public/../app/admin\lang\zh-cn\common.php
[ info ] [ LANG ] D:\phpStudy\WWW\thinkcmf\public/../app/portal\lang\zh-cn\common.php
[ info ] [ BEHAVIOR ] Run cmf\behavior\LangBehavior @app_begin [ RunTime:0.003000s ]
[ info ] [ LANG ] D:\phpStudy\WWW\thinkcmf\public/../app/admin\lang\zh-cn.php
[ info ] [ DB ] INIT mysql
[ info ] [ RUN ] app\admin\controller\PublicController->login[ D:\phpStudy\WWW\thinkcmf\app\admin\controller\PublicController.php ]
[ info ] [ SESSION ] INIT array (
  'id' => '',
  'var_session_id' => '',
  'prefix' => 'think',
  'type' => '',
  'auto_start' => true,
)
[ info ] [ VIEW ] D:\phpStudy\WWW\thinkcmf\public/plugins/shang_admin_login/view/widget.html [ array (
  0 => 'config',
) ]
[ info ] [ BEHAVIOR ] Run plugins\shang_admin_login\ShangAdminLoginPlugin @admin_login [ RunTime:0.072000s ]
[ info ] [ LOG ] INIT File
[ sql ] [ DB ] CONNECT:[ UseTime:0.012000s ] mysql:host=127.0.0.1;port=3306;dbname=thinkcmf5;charset=utf8mb4
[ sql ] [ SQL ] SHOW COLUMNS FROM `cmf_option` [ RunTime:0.020000s ]
[ sql ] [ SQL ] SELECT `option_value` FROM `cmf_option` WHERE  `option_name` = 'cdn_settings' LIMIT 1 [ RunTime:0.000000s ]
[ sql ] [ SQL ] SHOW COLUMNS FROM `cmf_plugin` [ RunTime:0.019000s ]
[ sql ] [ SQL ] SELECT `config` FROM `cmf_plugin` WHERE  `name` = 'ShangAdminLogin' LIMIT 1 [ RunTime:0.000000s ]
[ sql ] [ SQL ] SELECT `option_value` FROM `cmf_option` WHERE  `option_name` = 'cdn_settings' LIMIT 1 [ RunTime:0.000000s ]
[ sql ] [ SQL ] SELECT `option_value` FROM `cmf_option` WHERE  `option_name` = 'admin_settings' LIMIT 1 [ RunTime:0.001000s ]
---------------------------------------------------------------
[ 2018-07-19T11:13:46+08:00 ] 127.0.0.1 GET /captcha/new.html?height=32&width=150&font_size=18
[ info ] localhost/captcha/new.html?height=32&width=150&font_size=18 [运行时间：0.120000s][吞吐率：8.33req/s] [内存消耗：1,475.51kb] [文件加载：51]
[ info ] [ CACHE ] INIT File
[ info ] [ BEHAVIOR ] Run cmf\behavior\InitHookBehavior @app_init [ RunTime:0.008000s ]
[ info ] [ LANG ] D:\phpStudy\WWW\thinkcmf\simplewind\thinkphp\lang\zh-cn.php
[ info ] [ ROUTE ] array (
  'type' => 'method',
  'method' => 
  array (
    0 => '\\cmf\\controller\\CaptchaController',
    1 => 'index',
  ),
  'var' => 
  array (
  ),
)
[ info ] [ HEADER ] array (
  'cookie' => '_ga=GA1.1.1415828057.1506305931; Webstorm-3b4604bb=96fd4d8e-7706-4772-9f66-959861185465; Phpstorm-716cfd00=08fed37b-b466-4f05-963a-2d3785ad7f5d; F3rCT3_admin_password=123456; ts_uid=183826200; F3rCT3_admin_username=admin; admin_username=admin; __atuvc=1%7C29; PHPSESSID=hthi7gabibqgq9hdc1pulfbpl7',
  'accept-language' => 'zh-CN,zh;q=0.9,en;q=0.8',
  'accept-encoding' => 'gzip, deflate, br',
  'referer' => 'http://localhost/admin/public/login.html',
  'accept' => 'image/webp,image/apng,image/*,*/*;q=0.8',
  'user-agent' => 'Mozilla/5.0 (Windows NT 6.1; WOW64) AppleWebKit/537.36 (KHTML, like Gecko) Chrome/66.0.3359.139 Safari/537.36',
  'connection' => 'keep-alive',
  'host' => 'localhost',
  'content-length' => '',
  'content-type' => '',
)
[ info ] [ PARAM ] array (
  'height' => '32',
  'width' => '150',
  'font_size' => '18',
)
[ info ] [ LANG ] D:\phpStudy\WWW\thinkcmf\public/../simplewind/cmf/lang\zh-cn.php
[ info ] [ LANG ] D:\phpStudy\WWW\thinkcmf\public/../app/admin\lang\zh-cn\common.php
[ info ] [ LANG ] D:\phpStudy\WWW\thinkcmf\public/../app/portal\lang\zh-cn\common.php
[ info ] [ BEHAVIOR ] Run cmf\behavior\LangBehavior @app_begin [ RunTime:0.009000s ]
[ info ] [ RUN ] cmf\controller\CaptchaController->index[ D:\phpStudy\WWW\thinkcmf\simplewind\cmf\controller\CaptchaController.php ]
[ info ] [ SESSION ] INIT array (
  'id' => '',
  'var_session_id' => '',
  'prefix' => 'think',
  'type' => '',
  'auto_start' => true,
)
[ info ] [ LOG ] INIT File
---------------------------------------------------------------
[ 2018-07-19T11:13:46+08:00 ] 127.0.0.1 GET /favicon.ico
[ info ] localhost/favicon.ico [运行时间：0.096000s][吞吐率：10.42req/s] [内存消耗：1,459.93kb] [文件加载：54]
[ info ] [ CACHE ] INIT File
[ info ] [ BEHAVIOR ] Run cmf\behavior\InitHookBehavior @app_init [ RunTime:0.003000s ]
[ info ] [ LANG ] D:\phpStudy\WWW\thinkcmf\simplewind\thinkphp\lang\zh-cn.php
[ info ] [ ROUTE ] array (
  'type' => 'module',
  'module' => 
  array (
    0 => 'favicon.ico',
    1 => NULL,
    2 => NULL,
  ),
)
[ info ] [ HEADER ] array (
  'cookie' => '_ga=GA1.1.1415828057.1506305931; Webstorm-3b4604bb=96fd4d8e-7706-4772-9f66-959861185465; Phpstorm-716cfd00=08fed37b-b466-4f05-963a-2d3785ad7f5d; F3rCT3_admin_password=123456; ts_uid=183826200; F3rCT3_admin_username=admin; admin_username=admin; __atuvc=1%7C29; PHPSESSID=hthi7gabibqgq9hdc1pulfbpl7',
  'accept-language' => 'zh-CN,zh;q=0.9,en;q=0.8',
  'accept-encoding' => 'gzip, deflate, br',
  'referer' => 'http://localhost/admin/public/login.html',
  'accept' => 'image/webp,image/apng,image/*,*/*;q=0.8',
  'user-agent' => 'Mozilla/5.0 (Windows NT 6.1; WOW64) AppleWebKit/537.36 (KHTML, like Gecko) Chrome/66.0.3359.139 Safari/537.36',
  'connection' => 'keep-alive',
  'host' => 'localhost',
  'content-length' => '',
  'content-type' => '',
)
[ info ] [ PARAM ] array (
)
[ info ] [ LANG ] D:\phpStudy\WWW\thinkcmf\public/../simplewind/cmf/lang\zh-cn.php
[ info ] [ LANG ] D:\phpStudy\WWW\thinkcmf\public/../app/admin\lang\zh-cn\common.php
[ info ] [ LANG ] D:\phpStudy\WWW\thinkcmf\public/../app/portal\lang\zh-cn\common.php
[ info ] [ BEHAVIOR ] Run cmf\behavior\LangBehavior @app_begin [ RunTime:0.008000s ]
[ info ] [ LOG ] INIT File
